<?xml version="1.0" encoding="UTF-8"?>
<!-- Generated by org.testng.reporters.JUnitReportReporter -->
<testsuite hostname="DESKTOP-4OKVR2V" failures="0" tests="1" name="Sample_Maven_ELF39.Dms_SearchTest" time="0.998" errors="0" timestamp="2022-12-12T18:08:49 IST" skipped="0">
  <testcase classname="Sample_Maven_ELF39.Dms_SearchTest" name="TC01" time="0.998"/>
  <system-out/>
</testsuite> <!-- Sample_Maven_ELF39.Dms_SearchTest -->
