<?xml version="1.0" encoding="UTF-8"?>
<!-- Generated by org.testng.reporters.JUnitReportReporter -->
<testsuite hostname="DESKTOP-4OKVR2V" failures="0" tests="1" name="Sample_Maven_ELF39.Dms_SearchTest" time="1.021" errors="0" timestamp="2022-12-12T17:16:02 IST" skipped="0">
  <testcase classname="Sample_Maven_ELF39.Dms_SearchTest" name="TC01" time="1.021"/>
  <system-out/>
</testsuite> <!-- Sample_Maven_ELF39.Dms_SearchTest -->
