<?xml version="1.0" encoding="UTF-8"?>
<!-- Generated by org.testng.reporters.JUnitReportReporter -->
<testsuite hostname="DESKTOP-4OKVR2V" failures="0" tests="1" name="Sample_Maven_ELF39.Dms_registerTest" time="9.159" errors="0" timestamp="2022-11-17T17:49:39 IST" skipped="0">
  <testcase classname="Sample_Maven_ELF39.Dms_registerTest" name="register" time="9.159"/>
  <system-out/>
</testsuite> <!-- Sample_Maven_ELF39.Dms_registerTest -->
