<?xml version="1.0" encoding="UTF-8"?>
<!-- Generated by org.testng.reporters.JUnitReportReporter -->
<testsuite hostname="DESKTOP-4OKVR2V" failures="0" tests="1" name="Sample_Maven_ELF39.DemoTest" time="0.013" errors="0" timestamp="2022-12-12T17:11:53 IST" skipped="0">
  <testcase classname="Sample_Maven_ELF39.DemoTest" name="Demo" time="0.013"/>
  <system-out/>
</testsuite> <!-- Sample_Maven_ELF39.DemoTest -->
